<?xml version="1.0" encoding="UTF-8"?>
<!-- Generated by org.testng.reporters.JUnitReportReporter -->
<testsuite hostname="LTIN444974" failures="0" tests="1" name="com.MicroserviceTesting.GetUsersList_DetailsTest" time="2.329" errors="0" timestamp="2023-08-01T19:08:34 IST" skipped="0">
  <testcase classname="com.MicroserviceTesting.GetUsersList_DetailsTest" name="getAllUserTest" time="2.329"/>
  <system-out/>
</testsuite> <!-- com.MicroserviceTesting.GetUsersList_DetailsTest -->
