<?xml version="1.0" encoding="UTF-8"?>
<!-- Generated by org.testng.reporters.JUnitReportReporter -->
<testsuite hostname="LTIN444974" failures="0" tests="2" name="com.MicroserviceTesting.CreateUser_DataDrivenTest" time="1.080" errors="0" timestamp="2023-08-01T19:08:34 IST" skipped="0">
  <testcase classname="com.MicroserviceTesting.CreateUser_DataDrivenTest" name="addBook" time="0.560"/>
  <system-out/>
  <testcase classname="com.MicroserviceTesting.CreateUser_DataDrivenTest" name="addBook" time="0.520"/>
  <system-out/>
</testsuite> <!-- com.MicroserviceTesting.CreateUser_DataDrivenTest -->
