<?xml version="1.0" encoding="UTF-8"?>
<!-- Generated by org.testng.reporters.JUnitReportReporter -->
<testsuite hostname="LTIN444974" failures="0" tests="1" name="com.XMLComparator.UC02XMLFileComparisonFail" time="0.008" errors="0" timestamp="2023-04-12T12:30:57 IST" skipped="0">
  <testcase classname="com.XMLComparator.UC02XMLFileComparisonFail" name="compareXMLFiles" time="0.008"/>
  <system-out/>
</testsuite> <!-- com.XMLComparator.UC02XMLFileComparisonFail -->
