<?xml version="1.0" encoding="UTF-8"?>
<!-- Generated by org.testng.reporters.JUnitReportReporter -->
<testsuite hostname="LTIN396610" failures="0" tests="2" name="com.Test.Execution.PactTest" time="13.161" errors="0" timestamp="2024-01-31T15:03:44 IST" skipped="1">
  <testcase classname="com.Test.Execution.PactTest" name="testSchemaValidationTest" time="13.161"/>
  <system-out/>
  <testcase classname="com.Test.Execution.PactTest" name="testContractPact">
    <skipped/>
  </testcase> <!-- testContractPact -->
  <system-out/>
</testsuite> <!-- com.Test.Execution.PactTest -->
