<?xml version="1.0" encoding="UTF-8"?>
<!-- Generated by org.testng.reporters.JUnitReportReporter -->
<testsuite hostname="LTIN444974" failures="0" tests="1" name="com.PUBSUBTesting.AzureMultipleMessageQueue" time="12.669" errors="0" timestamp="2023-04-27T18:04:47 IST" skipped="0">
  <testcase classname="com.PUBSUBTesting.AzureMultipleMessageQueue" name="multipleMessgae" time="12.669"/>
  <system-out/>
</testsuite> <!-- com.PUBSUBTesting.AzureMultipleMessageQueue -->
