<?xml version="1.0" encoding="UTF-8"?>
<!-- Generated by org.testng.reporters.JUnitReportReporter -->
<testsuite hostname="LTIN396610" failures="0" tests="1" name="com.KAFKATESTING.ProducerTest.SingleProducerMultipleMessageTest" time="0.118" errors="0" timestamp="2024-06-07T12:17:34 IST" skipped="0">
  <testcase classname="com.KAFKATESTING.ProducerTest.SingleProducerMultipleMessageTest" name="ProducerWithMultipleMessages" time="0.118"/>
  <system-out/>
</testsuite> <!-- com.KAFKATESTING.ProducerTest.SingleProducerMultipleMessageTest -->
