<?xml version="1.0" encoding="UTF-8"?>
<!-- Generated by org.testng.reporters.JUnitReportReporter -->
<testsuite hostname="LTIN396610" failures="0" tests="1" name="com.XMLComparator.UC01XMLFileComparisonPass" time="0.047" errors="0" timestamp="2024-06-07T12:33:59 IST" skipped="0">
  <testcase classname="com.XMLComparator.UC01XMLFileComparisonPass" name="compareXMLFiles" time="0.047"/>
  <system-out/>
</testsuite> <!-- com.XMLComparator.UC01XMLFileComparisonPass -->
