<?xml version="1.0" encoding="UTF-8"?>
<!-- Generated by org.testng.reporters.JUnitReportReporter -->
<testsuite hostname="LTIN396610" failures="0" tests="1" name="com.APISchemaValidation.SchemaValidation_Fail" time="3.998" errors="0" timestamp="2024-06-07T12:44:29 IST" skipped="0">
  <testcase classname="com.APISchemaValidation.SchemaValidation_Fail" name="GetBookerID" time="3.998"/>
  <system-out/>
</testsuite> <!-- com.APISchemaValidation.SchemaValidation_Fail -->
