<?xml version="1.0" encoding="UTF-8"?>
<!-- Generated by org.testng.reporters.JUnitReportReporter -->
<testsuite hostname="LTIN396610" failures="0" tests="1" name="com.UITests.tests.ToolsQaSampleTest" time="27.514" errors="0" timestamp="2024-06-07T12:22:42 IST" skipped="0">
  <testcase classname="com.UITests.tests.ToolsQaSampleTest" name="OrderegPizzaTest" time="27.514"/>
  <system-out/>
</testsuite> <!-- com.UITests.tests.ToolsQaSampleTest -->
