<?xml version="1.0" encoding="UTF-8"?>
<!-- Generated by org.testng.reporters.JUnitReportReporter -->
<testsuite hostname="LTIN444974" failures="0" tests="1" name="com.KAFKATESTING.ProducerTest.KafkaAvroProducer" time="0.349" errors="0" timestamp="2023-04-28T10:49:06 IST" skipped="0">
  <testcase classname="com.KAFKATESTING.ProducerTest.KafkaAvroProducer" name="avroProducer" time="0.349"/>
  <system-out/>
</testsuite> <!-- com.KAFKATESTING.ProducerTest.KafkaAvroProducer -->
