<?xml version="1.0" encoding="UTF-8"?>
<!-- Generated by org.testng.reporters.JUnitReportReporter -->
<testsuite hostname="LTIN444974" failures="0" tests="3" name="com.APITesting.AddBookStatusValidationFail_DataProvider2" time="3.745" errors="0" timestamp="03 Apr 2023 08:21:06 GMT" skipped="0">
  <testcase classname="com.APITesting.AddBookStatusValidationFail_DataProvider2" name="addBook" time="0.189"/>
  <testcase classname="com.APITesting.AddBookStatusValidationFail_DataProvider2" name="addBook" time="3.326"/>
  <testcase classname="com.APITesting.AddBookStatusValidationFail_DataProvider2" name="addBook" time="0.230"/>
</testsuite> <!-- com.APITesting.AddBookStatusValidationFail_DataProvider2 -->
