<?xml version="1.0" encoding="UTF-8"?>
<!-- Generated by org.testng.reporters.JUnitReportReporter -->
<testsuite hostname="LTIN444974" failures="0" tests="1" name="com.PUBSUBTesting.AWSMessageQueueSubscriber" time="0.001" errors="0" timestamp="2023-04-27T11:44:27 IST" skipped="0">
  <testcase classname="com.PUBSUBTesting.AWSMessageQueueSubscriber" name="SubscribeMessgae" time="0.001"/>
  <system-out/>
</testsuite> <!-- com.PUBSUBTesting.AWSMessageQueueSubscriber -->
