<?xml version="1.0" encoding="UTF-8"?>
<!-- Generated by org.testng.reporters.JUnitReportReporter -->
<testsuite hostname="LTIN444974" failures="0" tests="1" name="com.PUBSUBTesting.AWSMultipleMessageQueue" time="5.754" errors="0" timestamp="2023-04-27T18:04:47 IST" skipped="0">
  <testcase classname="com.PUBSUBTesting.AWSMultipleMessageQueue" name="multipleMessgae" time="5.754"/>
  <system-out/>
</testsuite> <!-- com.PUBSUBTesting.AWSMultipleMessageQueue -->
