<?xml version="1.0" encoding="UTF-8"?>
<!-- Generated by org.testng.reporters.JUnitReportReporter -->
<testsuite hostname="LTIN396610" failures="0" tests="2" name="com.APISchemaValidation.SchemaValidation_Pass" time="5.336" errors="0" timestamp="2024-06-07T12:33:10 IST" skipped="0">
  <testcase classname="com.APISchemaValidation.SchemaValidation_Pass" name="GetPost" time="3.903"/>
  <system-out/>
  <testcase classname="com.APISchemaValidation.SchemaValidation_Pass" name="GetBookerID" time="1.433"/>
  <system-out/>
</testsuite> <!-- com.APISchemaValidation.SchemaValidation_Pass -->
