<?xml version="1.0" encoding="UTF-8"?>
<!-- Generated by org.testng.reporters.JUnitReportReporter -->
<testsuite hostname="LTIN444974" failures="0" tests="2" name="com.ContractExecution.Pact.PactTest" time="20.912" errors="0" timestamp="2023-08-31T11:07:22 IST" skipped="1">
  <testcase classname="com.ContractExecution.Pact.PactTest" name="testSchemaValidationTest" time="20.912"/>
  <system-out/>
  <testcase classname="com.ContractExecution.Pact.PactTest" name="testContractPact">
    <skipped/>
  </testcase> <!-- testContractPact -->
  <system-out/>
</testsuite> <!-- com.ContractExecution.Pact.PactTest -->
