<?xml version="1.0" encoding="UTF-8"?>
<!-- Generated by org.testng.reporters.JUnitReportReporter -->
<testsuite hostname="LTIN444974" failures="0" tests="1" name="com.PUBSUBTesting.AzureSubscriberMessageQueue" time="10.133" errors="0" timestamp="2023-04-27T17:07:30 IST" skipped="0">
  <testcase classname="com.PUBSUBTesting.AzureSubscriberMessageQueue" name="receiveMessages" time="10.133"/>
  <system-out/>
</testsuite> <!-- com.PUBSUBTesting.AzureSubscriberMessageQueue -->
