<?xml version="1.0" encoding="UTF-8"?>
<!-- Generated by org.testng.reporters.JUnitReportReporter -->
<testsuite hostname="LTIN444974" failures="0" tests="1" name="com.KAFKATESTING.ProducerTest.MultipleProducerTest" time="0.088" errors="0" timestamp="2023-04-28T10:49:06 IST" skipped="0">
  <testcase classname="com.KAFKATESTING.ProducerTest.MultipleProducerTest" name="MultipleProducerWithJSONMessages" time="0.088"/>
  <system-out/>
</testsuite> <!-- com.KAFKATESTING.ProducerTest.MultipleProducerTest -->
