<?xml version="1.0" encoding="UTF-8"?>
<!-- Generated by org.testng.reporters.JUnitReportReporter -->
<testsuite hostname="LTIN444974" failures="0" tests="3" name="com.MicroserviceTesting.AddBookStatusValidationPass_DataProvider" time="4.263" errors="0" timestamp="2023-04-03T17:10:38 IST" skipped="0">
  <testcase classname="com.MicroserviceTesting.AddBookStatusValidationPass_DataProvider" name="addBook" time="0.188"/>
  <system-out/>
  <testcase classname="com.MicroserviceTesting.AddBookStatusValidationPass_DataProvider" name="addBook" time="3.870"/>
  <system-out/>
  <testcase classname="com.MicroserviceTesting.AddBookStatusValidationPass_DataProvider" name="addBook" time="0.205"/>
  <system-out/>
</testsuite> <!-- com.MicroserviceTesting.AddBookStatusValidationPass_DataProvider -->
