<?xml version="1.0" encoding="UTF-8"?>
<!-- Generated by org.testng.reporters.JUnitReportReporter -->
<testsuite hostname="LTIN444974" failures="0" tests="1" name="com.PUBSUBTesting.AzurePublisherMessageQueue" time="2.998" errors="0" timestamp="2023-04-27T17:07:30 IST" skipped="0">
  <testcase classname="com.PUBSUBTesting.AzurePublisherMessageQueue" name="sendMessage" time="2.998"/>
  <system-out/>
</testsuite> <!-- com.PUBSUBTesting.AzurePublisherMessageQueue -->
