<?xml version="1.0" encoding="UTF-8"?>
<!-- Generated by org.testng.reporters.JUnitReportReporter -->
<testsuite hostname="LTIN444974" failures="0" tests="1" name="com.ContractTesting.PACT.PactTest" time="4.587" errors="0" timestamp="2023-05-11T16:48:41 IST" skipped="0">
  <testcase classname="com.ContractTesting.PACT.PactTest" name="testPact" time="4.587"/>
  <system-out/>
</testsuite> <!-- com.ContractTesting.PACT.PactTest -->
