<?xml version="1.0" encoding="UTF-8"?>
<!-- Generated by org.testng.reporters.JUnitReportReporter -->
<testsuite hostname="LTIN444974" failures="0" tests="3" name="com.MicroserviceTesting.AddBookStatusValidationFail_DataProvider2" time="2.774" errors="0" timestamp="2023-04-03T16:55:36 IST" skipped="0">
  <testcase classname="com.MicroserviceTesting.AddBookStatusValidationFail_DataProvider2" name="addBook" time="0.204"/>
  <system-out/>
  <testcase classname="com.MicroserviceTesting.AddBookStatusValidationFail_DataProvider2" name="addBook" time="0.177"/>
  <system-out/>
  <testcase classname="com.MicroserviceTesting.AddBookStatusValidationFail_DataProvider2" name="addBook" time="2.393"/>
  <system-out/>
</testsuite> <!-- com.MicroserviceTesting.AddBookStatusValidationFail_DataProvider2 -->
