<?xml version="1.0" encoding="UTF-8"?>
<!-- Generated by org.testng.reporters.JUnitReportReporter -->
<testsuite hostname="LTIN396610" failures="0" tests="2" name="com.ContractTesting.ConversionService.CurrencyConversionTest" time="1.857" errors="0" timestamp="2024-02-02T12:36:46 IST" skipped="0">
  <testcase classname="com.ContractTesting.ConversionService.CurrencyConversionTest" name="given_WhenConvertingFromAUDtoINR_ThenReturn" time="1.819"/>
  <system-out/>
  <testcase classname="com.ContractTesting.ConversionService.CurrencyConversionTest" name="given_WhenConvertingFromUSDtoINR_ThenReturn" time="0.038"/>
  <system-out/>
</testsuite> <!-- com.ContractTesting.ConversionService.CurrencyConversionTest -->
