<?xml version="1.0" encoding="UTF-8"?>
<!-- Generated by org.testng.reporters.JUnitReportReporter -->
<testsuite hostname="LTIN444974" failures="0" tests="1" name="com.KAFKATESTING.ConsumerTest.SingleConsumerSingleMessageTest" time="0.074" errors="0" timestamp="2023-04-28T10:49:06 IST" skipped="0">
  <testcase classname="com.KAFKATESTING.ConsumerTest.SingleConsumerSingleMessageTest" name="ConsumerWithSingleJsonMessages" time="0.074"/>
  <system-out/>
</testsuite> <!-- com.KAFKATESTING.ConsumerTest.SingleConsumerSingleMessageTest -->
