<?xml version="1.0" encoding="UTF-8"?>
<!-- Generated by org.testng.reporters.JUnitReportReporter -->
<testsuite hostname="LTIN444974" failures="0" tests="1" name="com.PUBSUBTesting.AWSMessageQueuePublisher" time="0.009" errors="0" timestamp="2023-04-27T16:35:21 IST" skipped="0">
  <testcase classname="com.PUBSUBTesting.AWSMessageQueuePublisher" name="PublishMessgae" time="0.009"/>
  <system-out/>
</testsuite> <!-- com.PUBSUBTesting.AWSMessageQueuePublisher -->
